[debug] [2021-10-16T15:54:52.681Z] ----------------------------------------------------------------------
[debug] [2021-10-16T15:54:52.684Z] Command:       C:\Program Files\nodejs\node.exe C:\Users\User\AppData\Roaming\npm\node_modules\firebase-tools\lib\bin\firebase.js deploy
[debug] [2021-10-16T15:54:52.684Z] CLI Version:   9.20.0
[debug] [2021-10-16T15:54:52.684Z] Platform:      win32
[debug] [2021-10-16T15:54:52.685Z] Node Version:  v12.18.2
[debug] [2021-10-16T15:54:52.686Z] Time:          Sat Oct 16 2021 21:54:52 GMT+0600 (Bangladesh Standard Time)
[debug] [2021-10-16T15:54:52.686Z] ----------------------------------------------------------------------
[debug] 
[debug] [2021-10-16T15:54:52.864Z] > command requires scopes: ["email","openid","https://www.googleapis.com/auth/cloudplatformprojects.readonly","https://www.googleapis.com/auth/firebase","https://www.googleapis.com/auth/cloud-platform"]
[debug] [2021-10-16T15:54:52.864Z] > authorizing via signed-in user (rakibuddinctg92@gmail.com)
[debug] [2021-10-16T15:54:52.864Z] [iam] checking project ema-jhon-simple-recap for permissions ["firebase.projects.get","firebasehosting.sites.update"]
[debug] [2021-10-16T15:54:52.867Z] > refreshing access token with scopes: ["email","https://www.googleapis.com/auth/cloud-platform","https://www.googleapis.com/auth/cloudplatformprojects.readonly","https://www.googleapis.com/auth/firebase","openid"]
[debug] [2021-10-16T15:54:52.868Z] >>> HTTP REQUEST POST https://www.googleapis.com/oauth2/v3/token  
 <request body omitted>
[debug] [2021-10-16T15:54:53.221Z] <<< HTTP RESPONSE 200 {"cache-control":"no-cache, no-store, max-age=0, must-revalidate","date":"Sat, 16 Oct 2021 15:54:53 GMT","pragma":"no-cache","expires":"Mon, 01 Jan 1990 00:00:00 GMT","content-type":"application/json; charset=utf-8","vary":"X-Origin, Referer, Origin,Accept-Encoding","server":"scaffolding on HTTPServer2","x-xss-protection":"0","x-frame-options":"SAMEORIGIN","x-content-type-options":"nosniff","alt-svc":"h3=\":443\"; ma=2592000,h3-29=\":443\"; ma=2592000,h3-T051=\":443\"; ma=2592000,h3-Q050=\":443\"; ma=2592000,h3-Q046=\":443\"; ma=2592000,h3-Q043=\":443\"; ma=2592000,quic=\":443\"; ma=2592000; v=\"46,43\"","accept-ranges":"none","transfer-encoding":"chunked"}
[debug] [2021-10-16T15:54:53.339Z] >>> HTTP REQUEST POST https://cloudresourcemanager.googleapis.com/v1/projects/ema-jhon-simple-recap:testIamPermissions  
 {"permissions":["firebase.projects.get","firebasehosting.sites.update"]}
[debug] [2021-10-16T15:54:54.592Z] <<< HTTP RESPONSE 200 {"content-type":"application/json; charset=UTF-8","vary":"X-Origin, Referer, Origin,Accept-Encoding","date":"Sat, 16 Oct 2021 15:54:54 GMT","server":"ESF","cache-control":"private","x-xss-protection":"0","x-frame-options":"SAMEORIGIN","x-content-type-options":"nosniff","server-timing":"gfet4t7; dur=937","alt-svc":"h3=\":443\"; ma=2592000,h3-29=\":443\"; ma=2592000,h3-T051=\":443\"; ma=2592000,h3-Q050=\":443\"; ma=2592000,h3-Q046=\":443\"; ma=2592000,h3-Q043=\":443\"; ma=2592000,quic=\":443\"; ma=2592000; v=\"46,43\"","accept-ranges":"none","transfer-encoding":"chunked"}
[debug] [2021-10-16T15:54:54.594Z] > refreshing access token with scopes: []
[debug] [2021-10-16T15:54:54.594Z] >>> HTTP REQUEST POST https://www.googleapis.com/oauth2/v3/token  
 <request body omitted>
[debug] [2021-10-16T15:54:54.862Z] <<< HTTP RESPONSE 200 {"expires":"Mon, 01 Jan 1990 00:00:00 GMT","cache-control":"no-cache, no-store, max-age=0, must-revalidate","date":"Sat, 16 Oct 2021 15:54:54 GMT","pragma":"no-cache","content-type":"application/json; charset=utf-8","vary":"X-Origin, Referer, Origin,Accept-Encoding","server":"scaffolding on HTTPServer2","x-xss-protection":"0","x-frame-options":"SAMEORIGIN","x-content-type-options":"nosniff","alt-svc":"h3=\":443\"; ma=2592000,h3-29=\":443\"; ma=2592000,h3-T051=\":443\"; ma=2592000,h3-Q050=\":443\"; ma=2592000,h3-Q046=\":443\"; ma=2592000,h3-Q043=\":443\"; ma=2592000,quic=\":443\"; ma=2592000; v=\"46,43\"","accept-ranges":"none","transfer-encoding":"chunked"}
[debug] [2021-10-16T15:54:54.946Z] >>> [apiv2][query] GET https://firebase.googleapis.com/v1beta1/projects/ema-jhon-simple-recap [none]
[debug] [2021-10-16T15:54:55.721Z] <<< [apiv2][status] GET https://firebase.googleapis.com/v1beta1/projects/ema-jhon-simple-recap 200
[debug] [2021-10-16T15:54:55.722Z] <<< [apiv2][body] GET https://firebase.googleapis.com/v1beta1/projects/ema-jhon-simple-recap {"projectId":"ema-jhon-simple-recap","projectNumber":"18738256643","displayName":"ema-jhon-simple","name":"projects/ema-jhon-simple-recap","resources":{"hostingSite":"ema-jhon-simple-recap"},"state":"ACTIVE"}
[info] 
[info] === Deploying to 'ema-jhon-simple-recap'...
[info] 
[info] i  deploying hosting 
[debug] [2021-10-16T15:54:55.730Z] > refreshing access token with scopes: ["email","https://www.googleapis.com/auth/cloud-platform","https://www.googleapis.com/auth/cloudplatformprojects.readonly","https://www.googleapis.com/auth/firebase","openid"]
[debug] [2021-10-16T15:54:55.730Z] >>> HTTP REQUEST POST https://www.googleapis.com/oauth2/v3/token  
 <request body omitted>
[debug] [2021-10-16T16:06:22.909Z] ----------------------------------------------------------------------
[debug] [2021-10-16T16:06:22.912Z] Command:       C:\Program Files\nodejs\node.exe C:\Users\User\AppData\Roaming\npm\node_modules\firebase-tools\lib\bin\firebase.js deploy
[debug] [2021-10-16T16:06:22.913Z] CLI Version:   9.20.0
[debug] [2021-10-16T16:06:22.913Z] Platform:      win32
[debug] [2021-10-16T16:06:22.913Z] Node Version:  v12.18.2
[debug] [2021-10-16T16:06:22.914Z] Time:          Sat Oct 16 2021 22:06:22 GMT+0600 (Bangladesh Standard Time)
[debug] [2021-10-16T16:06:22.914Z] ----------------------------------------------------------------------
[debug] 
[debug] [2021-10-16T16:06:22.995Z] > command requires scopes: ["email","openid","https://www.googleapis.com/auth/cloudplatformprojects.readonly","https://www.googleapis.com/auth/firebase","https://www.googleapis.com/auth/cloud-platform"]
[debug] [2021-10-16T16:06:22.995Z] > authorizing via signed-in user (rakibuddinctg92@gmail.com)
[debug] [2021-10-16T16:06:22.996Z] [iam] checking project ema-jhon-simple-recap for permissions ["firebase.projects.get","firebasehosting.sites.update"]
[debug] [2021-10-16T16:06:22.999Z] > refreshing access token with scopes: ["email","https://www.googleapis.com/auth/cloud-platform","https://www.googleapis.com/auth/cloudplatformprojects.readonly","https://www.googleapis.com/auth/firebase","openid"]
[debug] [2021-10-16T16:06:22.999Z] >>> HTTP REQUEST POST https://www.googleapis.com/oauth2/v3/token  
 <request body omitted>
[debug] [2021-10-16T16:06:23.443Z] <<< HTTP RESPONSE 200 {"cache-control":"no-cache, no-store, max-age=0, must-revalidate","date":"Sat, 16 Oct 2021 16:06:23 GMT","expires":"Mon, 01 Jan 1990 00:00:00 GMT","pragma":"no-cache","content-type":"application/json; charset=utf-8","vary":"X-Origin, Referer, Origin,Accept-Encoding","server":"scaffolding on HTTPServer2","x-xss-protection":"0","x-frame-options":"SAMEORIGIN","x-content-type-options":"nosniff","alt-svc":"h3=\":443\"; ma=2592000,h3-29=\":443\"; ma=2592000,h3-T051=\":443\"; ma=2592000,h3-Q050=\":443\"; ma=2592000,h3-Q046=\":443\"; ma=2592000,h3-Q043=\":443\"; ma=2592000,quic=\":443\"; ma=2592000; v=\"46,43\"","accept-ranges":"none","transfer-encoding":"chunked"}
[debug] [2021-10-16T16:06:23.544Z] >>> HTTP REQUEST POST https://cloudresourcemanager.googleapis.com/v1/projects/ema-jhon-simple-recap:testIamPermissions  
 {"permissions":["firebase.projects.get","firebasehosting.sites.update"]}
[debug] [2021-10-16T16:06:24.923Z] <<< HTTP RESPONSE 200 {"content-type":"application/json; charset=UTF-8","vary":"X-Origin, Referer, Origin,Accept-Encoding","date":"Sat, 16 Oct 2021 16:06:24 GMT","server":"ESF","cache-control":"private","x-xss-protection":"0","x-frame-options":"SAMEORIGIN","x-content-type-options":"nosniff","server-timing":"gfet4t7; dur=934","alt-svc":"h3=\":443\"; ma=2592000,h3-29=\":443\"; ma=2592000,h3-T051=\":443\"; ma=2592000,h3-Q050=\":443\"; ma=2592000,h3-Q046=\":443\"; ma=2592000,h3-Q043=\":443\"; ma=2592000,quic=\":443\"; ma=2592000; v=\"46,43\"","accept-ranges":"none","transfer-encoding":"chunked"}
[debug] [2021-10-16T16:06:24.926Z] > refreshing access token with scopes: []
[debug] [2021-10-16T16:06:24.927Z] >>> HTTP REQUEST POST https://www.googleapis.com/oauth2/v3/token  
 <request body omitted>
[debug] [2021-10-16T16:06:25.272Z] <<< HTTP RESPONSE 200 {"pragma":"no-cache","expires":"Mon, 01 Jan 1990 00:00:00 GMT","cache-control":"no-cache, no-store, max-age=0, must-revalidate","date":"Sat, 16 Oct 2021 16:06:25 GMT","content-type":"application/json; charset=utf-8","vary":"X-Origin, Referer, Origin,Accept-Encoding","server":"scaffolding on HTTPServer2","x-xss-protection":"0","x-frame-options":"SAMEORIGIN","x-content-type-options":"nosniff","alt-svc":"h3=\":443\"; ma=2592000,h3-29=\":443\"; ma=2592000,h3-T051=\":443\"; ma=2592000,h3-Q050=\":443\"; ma=2592000,h3-Q046=\":443\"; ma=2592000,h3-Q043=\":443\"; ma=2592000,quic=\":443\"; ma=2592000; v=\"46,43\"","accept-ranges":"none","transfer-encoding":"chunked"}
[debug] [2021-10-16T16:06:25.378Z] >>> [apiv2][query] GET https://firebase.googleapis.com/v1beta1/projects/ema-jhon-simple-recap [none]
[debug] [2021-10-16T16:06:26.399Z] <<< [apiv2][status] GET https://firebase.googleapis.com/v1beta1/projects/ema-jhon-simple-recap 200
[debug] [2021-10-16T16:06:26.400Z] <<< [apiv2][body] GET https://firebase.googleapis.com/v1beta1/projects/ema-jhon-simple-recap {"projectId":"ema-jhon-simple-recap","projectNumber":"18738256643","displayName":"ema-jhon-simple","name":"projects/ema-jhon-simple-recap","resources":{"hostingSite":"ema-jhon-simple-recap"},"state":"ACTIVE"}
[info] 
[info] === Deploying to 'ema-jhon-simple-recap'...
[info] 
[info] i  deploying hosting 
[debug] [2021-10-16T16:06:26.408Z] > refreshing access token with scopes: ["email","https://www.googleapis.com/auth/cloud-platform","https://www.googleapis.com/auth/cloudplatformprojects.readonly","https://www.googleapis.com/auth/firebase","openid"]
[debug] [2021-10-16T16:06:26.408Z] >>> HTTP REQUEST POST https://www.googleapis.com/oauth2/v3/token  
 <request body omitted>
[debug] [2021-10-16T16:06:31.738Z] <<< HTTP RESPONSE 200 {"pragma":"no-cache","cache-control":"no-cache, no-store, max-age=0, must-revalidate","expires":"Mon, 01 Jan 1990 00:00:00 GMT","date":"Sat, 16 Oct 2021 16:06:31 GMT","content-type":"application/json; charset=utf-8","vary":"X-Origin, Referer, Origin,Accept-Encoding","server":"scaffolding on HTTPServer2","x-xss-protection":"0","x-frame-options":"SAMEORIGIN","x-content-type-options":"nosniff","alt-svc":"h3=\":443\"; ma=2592000,h3-29=\":443\"; ma=2592000,h3-T051=\":443\"; ma=2592000,h3-Q050=\":443\"; ma=2592000,h3-Q046=\":443\"; ma=2592000,h3-Q043=\":443\"; ma=2592000,quic=\":443\"; ma=2592000; v=\"46,43\"","accept-ranges":"none","transfer-encoding":"chunked"}
[debug] [2021-10-16T16:06:31.886Z] >>> HTTP REQUEST POST https://firebasehosting.googleapis.com/v1beta1/sites/ema-jhon-simple-recap/versions  
 {"config":{},"labels":{"deployment-tool":"cli-firebase"}}
[debug] [2021-10-16T16:06:34.855Z] <<< HTTP RESPONSE 200 {"content-type":"application/json; charset=UTF-8","vary":"X-Origin, Referer, Origin,Accept-Encoding","date":"Sat, 16 Oct 2021 16:06:34 GMT","server":"ESF","cache-control":"private","x-xss-protection":"0","x-frame-options":"SAMEORIGIN","x-content-type-options":"nosniff","alt-svc":"h3=\":443\"; ma=2592000,h3-29=\":443\"; ma=2592000,h3-T051=\":443\"; ma=2592000,h3-Q050=\":443\"; ma=2592000,h3-Q046=\":443\"; ma=2592000,h3-Q043=\":443\"; ma=2592000,quic=\":443\"; ma=2592000; v=\"46,43\"","accept-ranges":"none","transfer-encoding":"chunked"}
[info] i  hosting[ema-jhon-simple-recap]: beginning deploy... 
[info] i  hosting[ema-jhon-simple-recap]: found 22 files in build 
[debug] [2021-10-16T16:06:34.880Z] [hosting] hash cache [YnVpbGQ] not populated
[debug] [2021-10-16T16:06:35.484Z] > refreshing access token with scopes: []
[debug] [2021-10-16T16:06:35.484Z] >>> HTTP REQUEST POST https://www.googleapis.com/oauth2/v3/token  
 <request body omitted>
[debug] [2021-10-16T16:06:35.508Z] [hosting] hash cache [YnVpbGQ] stored for 22 files
[debug] [2021-10-16T16:06:35.509Z] [hosting][hash queue][FINAL] {"max":588,"min":63,"avg":99.0909090909091,"active":0,"complete":22,"success":22,"errored":0,"retried":0,"total":22,"elapsed":628}
[debug] [2021-10-16T16:06:35.780Z] <<< HTTP RESPONSE 200 {"date":"Sat, 16 Oct 2021 16:06:35 GMT","expires":"Mon, 01 Jan 1990 00:00:00 GMT","pragma":"no-cache","cache-control":"no-cache, no-store, max-age=0, must-revalidate","content-type":"application/json; charset=utf-8","vary":"X-Origin, Referer, Origin,Accept-Encoding","server":"scaffolding on HTTPServer2","x-xss-protection":"0","x-frame-options":"SAMEORIGIN","x-content-type-options":"nosniff","alt-svc":"h3=\":443\"; ma=2592000,h3-29=\":443\"; ma=2592000,h3-T051=\":443\"; ma=2592000,h3-Q050=\":443\"; ma=2592000,h3-Q046=\":443\"; ma=2592000,h3-Q043=\":443\"; ma=2592000,quic=\":443\"; ma=2592000; v=\"46,43\"","accept-ranges":"none","transfer-encoding":"chunked"}
[debug] [2021-10-16T16:06:35.976Z] >>> [apiv2][query] POST https://firebasehosting.googleapis.com/v1beta1/sites/ema-jhon-simple-recap/versions/a3cd15847716acfb:populateFiles [none]
[debug] [2021-10-16T16:06:35.976Z] >>> [apiv2][body] POST https://firebasehosting.googleapis.com/v1beta1/sites/ema-jhon-simple-recap/versions/a3cd15847716acfb:populateFiles {"files":{"/asset-manifest.json":"7c60c2bdc519a0adbb78ab5734b10eae17040e77ca37f646c8466126ba38fffa","/manifest.json":"5c997de1364b8be939319fa9209abd77f2caf7f8844999a9e2e9173f844e7840","/index.html":"79ae625362c3ce483570cfe9f55d7f17d612760f3fdcd358c784c6afb868e8f5","/robots.txt":"b2090cf9761ef60aa06e4fab97679bd43dfa5e5df073701ead5879d7c68f1ec5","/_redirects":"ad9570b21b26001e5954948ea7672fb32b990504c96c3dd8bcf82c48832b1927","/static/css/main.8476a85c.chunk.css":"dba57067d404017e5a7ef5944f6ac345e138965a490e20ffbe2a0e9b85b5cc37","/static/css/main.8476a85c.chunk.css.map":"7624cf22638d0af76be5197d0c5125d2d5dfebe917672f8a4220ce2cefdffff7","/static/js/2.d76d0ebf.chunk.js.LICENSE.txt":"f4010a7fe8adb7727bbff7359840f1ff3878adc6e3491ef322e115f5df918f80","/static/js/3.e66c853d.chunk.js":"236cc968bb5c23044cdb862d0d704d561ff29a4979df8da2fe4843ada6627559","/static/js/3.e66c853d.chunk.js.map":"7a819d754daaf5c51781c1a7e2f59e1fa96383fbfca994f75ed7f24fdcae364d","/static/js/main.95d6b928.chunk.js":"2a453353ddf1cd903a274d1586396a21c80414315f33e860dd5c8de780f8f016","/static/js/runtime-main.0f211eac.js":"b1fa29c3a42a5229a068b02dcc10b2c56f1b24722af06b41e7b9a8e14d7e22bb","/static/js/runtime-main.0f211eac.js.map":"be9deb4cb4700e4ecc671ca132fdb4745b439b9ad5e8a343fd1776fb62544f32","/static/js/main.95d6b928.chunk.js.map":"572a7d9773252fd9c876b642551db3187a78381b55abd05f892e0a6604be30ff","/favicon.ico":"0969be82c7701bf4de58d53af1a6ef4b9f8da2f9f509cc8daac533db48812d40","/products.json":"f86ad6de7e897304ee815e2bf780034618ecd9548e37dc7f0639b815b1b3f37e","/logo192.png":"3ee59515172ee198f3be375979df15ac5345183e656720a381b8872b2a39dc8b","/static/media/logo.0dd9a510.png":"84bb80c7ad5aac5f696f09b797455057759cbbd91b44e20b7a658944eabce45b","/logo512.png":"ee7e2f3fdb8209c4b6fd7bef6ba50d1b9dba30a25bb5c3126df057e1cb6f5331","/static/js/2.d76d0ebf.chunk.js":"b6c4254b8db87e005db57337f77363ee213c3ef2e5242436e08ab2d3f4cbe9a2","/static/media/giphy.46a86830.gif":"95d1c42718616b96867ef9fe5defea149b9ef347bf0beb69a583977b01e5bd85","/static/js/2.d76d0ebf.chunk.js.map":"0a6204dae98c8dccbf0776a84f2a5c63e93767bef09126dabc3587ca11089855"}}
[debug] [2021-10-16T16:06:37.779Z] <<< [apiv2][status] POST https://firebasehosting.googleapis.com/v1beta1/sites/ema-jhon-simple-recap/versions/a3cd15847716acfb:populateFiles 200
[debug] [2021-10-16T16:06:37.779Z] <<< [apiv2][body] POST https://firebasehosting.googleapis.com/v1beta1/sites/ema-jhon-simple-recap/versions/a3cd15847716acfb:populateFiles {"uploadRequiredHashes":["b2090cf9761ef60aa06e4fab97679bd43dfa5e5df073701ead5879d7c68f1ec5","2a453353ddf1cd903a274d1586396a21c80414315f33e860dd5c8de780f8f016","f4010a7fe8adb7727bbff7359840f1ff3878adc6e3491ef322e115f5df918f80","b6c4254b8db87e005db57337f77363ee213c3ef2e5242436e08ab2d3f4cbe9a2","3ee59515172ee198f3be375979df15ac5345183e656720a381b8872b2a39dc8b","7a819d754daaf5c51781c1a7e2f59e1fa96383fbfca994f75ed7f24fdcae364d","0a6204dae98c8dccbf0776a84f2a5c63e93767bef09126dabc3587ca11089855","f86ad6de7e897304ee815e2bf780034618ecd9548e37dc7f0639b815b1b3f37e","79ae625362c3ce483570cfe9f55d7f17d612760f3fdcd358c784c6afb868e8f5","0969be82c7701bf4de58d53af1a6ef4b9f8da2f9f509cc8daac533db48812d40","572a7d9773252fd9c876b642551db3187a78381b55abd05f892e0a6604be30ff","7624cf22638d0af76be5197d0c5125d2d5dfebe917672f8a4220ce2cefdffff7","dba57067d404017e5a7ef5944f6ac345e138965a490e20ffbe2a0e9b85b5cc37","5c997de1364b8be939319fa9209abd77f2caf7f8844999a9e2e9173f844e7840","be9deb4cb4700e4ecc671ca132fdb4745b439b9ad5e8a343fd1776fb62544f32","7c60c2bdc519a0adbb78ab5734b10eae17040e77ca37f646c8466126ba38fffa","236cc968bb5c23044cdb862d0d704d561ff29a4979df8da2fe4843ada6627559","ad9570b21b26001e5954948ea7672fb32b990504c96c3dd8bcf82c48832b1927","84bb80c7ad5aac5f696f09b797455057759cbbd91b44e20b7a658944eabce45b","95d1c42718616b96867ef9fe5defea149b9ef347bf0beb69a583977b01e5bd85","b1fa29c3a42a5229a068b02dcc10b2c56f1b24722af06b41e7b9a8e14d7e22bb","ee7e2f3fdb8209c4b6fd7bef6ba50d1b9dba30a25bb5c3126df057e1cb6f5331"],"uploadUrl":"https://upload-firebasehosting.googleapis.com/upload/sites/ema-jhon-simple-recap/versions/a3cd15847716acfb/files"}
[debug] [2021-10-16T16:06:37.797Z] >>> [apiv2][query] POST https://upload-firebasehosting.googleapis.com/upload/sites/ema-jhon-simple-recap/versions/a3cd15847716acfb/files/b2090cf9761ef60aa06e4fab97679bd43dfa5e5df073701ead5879d7c68f1ec5 [none]
[debug] [2021-10-16T16:06:37.797Z] >>> [apiv2][body] POST https://upload-firebasehosting.googleapis.com/upload/sites/ema-jhon-simple-recap/versions/a3cd15847716acfb/files/b2090cf9761ef60aa06e4fab97679bd43dfa5e5df073701ead5879d7c68f1ec5 [stream]
[debug] [2021-10-16T16:06:37.799Z] >>> [apiv2][query] POST https://upload-firebasehosting.googleapis.com/upload/sites/ema-jhon-simple-recap/versions/a3cd15847716acfb/files/2a453353ddf1cd903a274d1586396a21c80414315f33e860dd5c8de780f8f016 [none]
[debug] [2021-10-16T16:06:37.799Z] >>> [apiv2][body] POST https://upload-firebasehosting.googleapis.com/upload/sites/ema-jhon-simple-recap/versions/a3cd15847716acfb/files/2a453353ddf1cd903a274d1586396a21c80414315f33e860dd5c8de780f8f016 [stream]
[debug] [2021-10-16T16:06:37.802Z] >>> [apiv2][query] POST https://upload-firebasehosting.googleapis.com/upload/sites/ema-jhon-simple-recap/versions/a3cd15847716acfb/files/f4010a7fe8adb7727bbff7359840f1ff3878adc6e3491ef322e115f5df918f80 [none]
[debug] [2021-10-16T16:06:37.802Z] >>> [apiv2][body] POST https://upload-firebasehosting.googleapis.com/upload/sites/ema-jhon-simple-recap/versions/a3cd15847716acfb/files/f4010a7fe8adb7727bbff7359840f1ff3878adc6e3491ef322e115f5df918f80 [stream]
[debug] [2021-10-16T16:06:37.805Z] >>> [apiv2][query] POST https://upload-firebasehosting.googleapis.com/upload/sites/ema-jhon-simple-recap/versions/a3cd15847716acfb/files/b6c4254b8db87e005db57337f77363ee213c3ef2e5242436e08ab2d3f4cbe9a2 [none]
[debug] [2021-10-16T16:06:37.805Z] >>> [apiv2][body] POST https://upload-firebasehosting.googleapis.com/upload/sites/ema-jhon-simple-recap/versions/a3cd15847716acfb/files/b6c4254b8db87e005db57337f77363ee213c3ef2e5242436e08ab2d3f4cbe9a2 [stream]
[debug] [2021-10-16T16:06:37.809Z] >>> [apiv2][query] POST https://upload-firebasehosting.googleapis.com/upload/sites/ema-jhon-simple-recap/versions/a3cd15847716acfb/files/3ee59515172ee198f3be375979df15ac5345183e656720a381b8872b2a39dc8b [none]
[debug] [2021-10-16T16:06:37.810Z] >>> [apiv2][body] POST https://upload-firebasehosting.googleapis.com/upload/sites/ema-jhon-simple-recap/versions/a3cd15847716acfb/files/3ee59515172ee198f3be375979df15ac5345183e656720a381b8872b2a39dc8b [stream]
[debug] [2021-10-16T16:06:37.813Z] >>> [apiv2][query] POST https://upload-firebasehosting.googleapis.com/upload/sites/ema-jhon-simple-recap/versions/a3cd15847716acfb/files/7a819d754daaf5c51781c1a7e2f59e1fa96383fbfca994f75ed7f24fdcae364d [none]
[debug] [2021-10-16T16:06:37.813Z] >>> [apiv2][body] POST https://upload-firebasehosting.googleapis.com/upload/sites/ema-jhon-simple-recap/versions/a3cd15847716acfb/files/7a819d754daaf5c51781c1a7e2f59e1fa96383fbfca994f75ed7f24fdcae364d [stream]
[debug] [2021-10-16T16:06:37.816Z] >>> [apiv2][query] POST https://upload-firebasehosting.googleapis.com/upload/sites/ema-jhon-simple-recap/versions/a3cd15847716acfb/files/0a6204dae98c8dccbf0776a84f2a5c63e93767bef09126dabc3587ca11089855 [none]
[debug] [2021-10-16T16:06:37.816Z] >>> [apiv2][body] POST https://upload-firebasehosting.googleapis.com/upload/sites/ema-jhon-simple-recap/versions/a3cd15847716acfb/files/0a6204dae98c8dccbf0776a84f2a5c63e93767bef09126dabc3587ca11089855 [stream]
[debug] [2021-10-16T16:06:37.819Z] >>> [apiv2][query] POST https://upload-firebasehosting.googleapis.com/upload/sites/ema-jhon-simple-recap/versions/a3cd15847716acfb/files/f86ad6de7e897304ee815e2bf780034618ecd9548e37dc7f0639b815b1b3f37e [none]
[debug] [2021-10-16T16:06:37.819Z] >>> [apiv2][body] POST https://upload-firebasehosting.googleapis.com/upload/sites/ema-jhon-simple-recap/versions/a3cd15847716acfb/files/f86ad6de7e897304ee815e2bf780034618ecd9548e37dc7f0639b815b1b3f37e [stream]
[debug] [2021-10-16T16:06:37.821Z] >>> [apiv2][query] POST https://upload-firebasehosting.googleapis.com/upload/sites/ema-jhon-simple-recap/versions/a3cd15847716acfb/files/79ae625362c3ce483570cfe9f55d7f17d612760f3fdcd358c784c6afb868e8f5 [none]
[debug] [2021-10-16T16:06:37.821Z] >>> [apiv2][body] POST https://upload-firebasehosting.googleapis.com/upload/sites/ema-jhon-simple-recap/versions/a3cd15847716acfb/files/79ae625362c3ce483570cfe9f55d7f17d612760f3fdcd358c784c6afb868e8f5 [stream]
[debug] [2021-10-16T16:06:37.822Z] >>> [apiv2][query] POST https://upload-firebasehosting.googleapis.com/upload/sites/ema-jhon-simple-recap/versions/a3cd15847716acfb/files/0969be82c7701bf4de58d53af1a6ef4b9f8da2f9f509cc8daac533db48812d40 [none]
[debug] [2021-10-16T16:06:37.822Z] >>> [apiv2][body] POST https://upload-firebasehosting.googleapis.com/upload/sites/ema-jhon-simple-recap/versions/a3cd15847716acfb/files/0969be82c7701bf4de58d53af1a6ef4b9f8da2f9f509cc8daac533db48812d40 [stream]
[debug] [2021-10-16T16:06:37.826Z] >>> [apiv2][query] POST https://upload-firebasehosting.googleapis.com/upload/sites/ema-jhon-simple-recap/versions/a3cd15847716acfb/files/572a7d9773252fd9c876b642551db3187a78381b55abd05f892e0a6604be30ff [none]
[debug] [2021-10-16T16:06:37.826Z] >>> [apiv2][body] POST https://upload-firebasehosting.googleapis.com/upload/sites/ema-jhon-simple-recap/versions/a3cd15847716acfb/files/572a7d9773252fd9c876b642551db3187a78381b55abd05f892e0a6604be30ff [stream]
[debug] [2021-10-16T16:06:37.828Z] >>> [apiv2][query] POST https://upload-firebasehosting.googleapis.com/upload/sites/ema-jhon-simple-recap/versions/a3cd15847716acfb/files/7624cf22638d0af76be5197d0c5125d2d5dfebe917672f8a4220ce2cefdffff7 [none]
[debug] [2021-10-16T16:06:37.828Z] >>> [apiv2][body] POST https://upload-firebasehosting.googleapis.com/upload/sites/ema-jhon-simple-recap/versions/a3cd15847716acfb/files/7624cf22638d0af76be5197d0c5125d2d5dfebe917672f8a4220ce2cefdffff7 [stream]
[debug] [2021-10-16T16:06:37.830Z] >>> [apiv2][query] POST https://upload-firebasehosting.googleapis.com/upload/sites/ema-jhon-simple-recap/versions/a3cd15847716acfb/files/dba57067d404017e5a7ef5944f6ac345e138965a490e20ffbe2a0e9b85b5cc37 [none]
[debug] [2021-10-16T16:06:37.830Z] >>> [apiv2][body] POST https://upload-firebasehosting.googleapis.com/upload/sites/ema-jhon-simple-recap/versions/a3cd15847716acfb/files/dba57067d404017e5a7ef5944f6ac345e138965a490e20ffbe2a0e9b85b5cc37 [stream]
[debug] [2021-10-16T16:06:37.831Z] >>> [apiv2][query] POST https://upload-firebasehosting.googleapis.com/upload/sites/ema-jhon-simple-recap/versions/a3cd15847716acfb/files/5c997de1364b8be939319fa9209abd77f2caf7f8844999a9e2e9173f844e7840 [none]
[debug] [2021-10-16T16:06:37.831Z] >>> [apiv2][body] POST https://upload-firebasehosting.googleapis.com/upload/sites/ema-jhon-simple-recap/versions/a3cd15847716acfb/files/5c997de1364b8be939319fa9209abd77f2caf7f8844999a9e2e9173f844e7840 [stream]
[debug] [2021-10-16T16:06:37.833Z] >>> [apiv2][query] POST https://upload-firebasehosting.googleapis.com/upload/sites/ema-jhon-simple-recap/versions/a3cd15847716acfb/files/be9deb4cb4700e4ecc671ca132fdb4745b439b9ad5e8a343fd1776fb62544f32 [none]
[debug] [2021-10-16T16:06:37.833Z] >>> [apiv2][body] POST https://upload-firebasehosting.googleapis.com/upload/sites/ema-jhon-simple-recap/versions/a3cd15847716acfb/files/be9deb4cb4700e4ecc671ca132fdb4745b439b9ad5e8a343fd1776fb62544f32 [stream]
[debug] [2021-10-16T16:06:37.834Z] >>> [apiv2][query] POST https://upload-firebasehosting.googleapis.com/upload/sites/ema-jhon-simple-recap/versions/a3cd15847716acfb/files/7c60c2bdc519a0adbb78ab5734b10eae17040e77ca37f646c8466126ba38fffa [none]
[debug] [2021-10-16T16:06:37.834Z] >>> [apiv2][body] POST https://upload-firebasehosting.googleapis.com/upload/sites/ema-jhon-simple-recap/versions/a3cd15847716acfb/files/7c60c2bdc519a0adbb78ab5734b10eae17040e77ca37f646c8466126ba38fffa [stream]
[debug] [2021-10-16T16:06:37.835Z] >>> [apiv2][query] POST https://upload-firebasehosting.googleapis.com/upload/sites/ema-jhon-simple-recap/versions/a3cd15847716acfb/files/236cc968bb5c23044cdb862d0d704d561ff29a4979df8da2fe4843ada6627559 [none]
[debug] [2021-10-16T16:06:37.836Z] >>> [apiv2][body] POST https://upload-firebasehosting.googleapis.com/upload/sites/ema-jhon-simple-recap/versions/a3cd15847716acfb/files/236cc968bb5c23044cdb862d0d704d561ff29a4979df8da2fe4843ada6627559 [stream]
[debug] [2021-10-16T16:06:37.837Z] >>> [apiv2][query] POST https://upload-firebasehosting.googleapis.com/upload/sites/ema-jhon-simple-recap/versions/a3cd15847716acfb/files/ad9570b21b26001e5954948ea7672fb32b990504c96c3dd8bcf82c48832b1927 [none]
[debug] [2021-10-16T16:06:37.837Z] >>> [apiv2][body] POST https://upload-firebasehosting.googleapis.com/upload/sites/ema-jhon-simple-recap/versions/a3cd15847716acfb/files/ad9570b21b26001e5954948ea7672fb32b990504c96c3dd8bcf82c48832b1927 [stream]
[debug] [2021-10-16T16:06:37.841Z] >>> [apiv2][query] POST https://upload-firebasehosting.googleapis.com/upload/sites/ema-jhon-simple-recap/versions/a3cd15847716acfb/files/84bb80c7ad5aac5f696f09b797455057759cbbd91b44e20b7a658944eabce45b [none]
[debug] [2021-10-16T16:06:37.842Z] >>> [apiv2][body] POST https://upload-firebasehosting.googleapis.com/upload/sites/ema-jhon-simple-recap/versions/a3cd15847716acfb/files/84bb80c7ad5aac5f696f09b797455057759cbbd91b44e20b7a658944eabce45b [stream]
[debug] [2021-10-16T16:06:37.843Z] >>> [apiv2][query] POST https://upload-firebasehosting.googleapis.com/upload/sites/ema-jhon-simple-recap/versions/a3cd15847716acfb/files/95d1c42718616b96867ef9fe5defea149b9ef347bf0beb69a583977b01e5bd85 [none]
[debug] [2021-10-16T16:06:37.844Z] >>> [apiv2][body] POST https://upload-firebasehosting.googleapis.com/upload/sites/ema-jhon-simple-recap/versions/a3cd15847716acfb/files/95d1c42718616b96867ef9fe5defea149b9ef347bf0beb69a583977b01e5bd85 [stream]
[debug] [2021-10-16T16:06:37.845Z] >>> [apiv2][query] POST https://upload-firebasehosting.googleapis.com/upload/sites/ema-jhon-simple-recap/versions/a3cd15847716acfb/files/b1fa29c3a42a5229a068b02dcc10b2c56f1b24722af06b41e7b9a8e14d7e22bb [none]
[debug] [2021-10-16T16:06:37.846Z] >>> [apiv2][body] POST https://upload-firebasehosting.googleapis.com/upload/sites/ema-jhon-simple-recap/versions/a3cd15847716acfb/files/b1fa29c3a42a5229a068b02dcc10b2c56f1b24722af06b41e7b9a8e14d7e22bb [stream]
[debug] [2021-10-16T16:06:37.847Z] >>> [apiv2][query] POST https://upload-firebasehosting.googleapis.com/upload/sites/ema-jhon-simple-recap/versions/a3cd15847716acfb/files/ee7e2f3fdb8209c4b6fd7bef6ba50d1b9dba30a25bb5c3126df057e1cb6f5331 [none]
[debug] [2021-10-16T16:06:37.847Z] >>> [apiv2][body] POST https://upload-firebasehosting.googleapis.com/upload/sites/ema-jhon-simple-recap/versions/a3cd15847716acfb/files/ee7e2f3fdb8209c4b6fd7bef6ba50d1b9dba30a25bb5c3126df057e1cb6f5331 [stream]
[debug] [2021-10-16T16:06:37.849Z] [hosting][populate queue][FINAL] {"max":2312,"min":2312,"avg":2312,"active":0,"complete":1,"success":1,"errored":0,"retried":0,"total":1,"elapsed":2365}
[debug] [2021-10-16T16:06:37.849Z] [hosting] uploads queued: 22
[debug] [2021-10-16T16:06:39.748Z] <<< [apiv2][status] POST https://upload-firebasehosting.googleapis.com/upload/sites/ema-jhon-simple-recap/versions/a3cd15847716acfb/files/2a453353ddf1cd903a274d1586396a21c80414315f33e860dd5c8de780f8f016 200
[debug] [2021-10-16T16:06:39.748Z] <<< [apiv2][body] POST https://upload-firebasehosting.googleapis.com/upload/sites/ema-jhon-simple-recap/versions/a3cd15847716acfb/files/2a453353ddf1cd903a274d1586396a21c80414315f33e860dd5c8de780f8f016 [stream]
[debug] [2021-10-16T16:06:39.823Z] <<< [apiv2][status] POST https://upload-firebasehosting.googleapis.com/upload/sites/ema-jhon-simple-recap/versions/a3cd15847716acfb/files/3ee59515172ee198f3be375979df15ac5345183e656720a381b8872b2a39dc8b 200
[debug] [2021-10-16T16:06:39.823Z] <<< [apiv2][body] POST https://upload-firebasehosting.googleapis.com/upload/sites/ema-jhon-simple-recap/versions/a3cd15847716acfb/files/3ee59515172ee198f3be375979df15ac5345183e656720a381b8872b2a39dc8b [stream]
[debug] [2021-10-16T16:06:39.824Z] <<< [apiv2][status] POST https://upload-firebasehosting.googleapis.com/upload/sites/ema-jhon-simple-recap/versions/a3cd15847716acfb/files/ee7e2f3fdb8209c4b6fd7bef6ba50d1b9dba30a25bb5c3126df057e1cb6f5331 200
[debug] [2021-10-16T16:06:39.825Z] <<< [apiv2][body] POST https://upload-firebasehosting.googleapis.com/upload/sites/ema-jhon-simple-recap/versions/a3cd15847716acfb/files/ee7e2f3fdb8209c4b6fd7bef6ba50d1b9dba30a25bb5c3126df057e1cb6f5331 [stream]
[debug] [2021-10-16T16:06:39.825Z] <<< [apiv2][status] POST https://upload-firebasehosting.googleapis.com/upload/sites/ema-jhon-simple-recap/versions/a3cd15847716acfb/files/0969be82c7701bf4de58d53af1a6ef4b9f8da2f9f509cc8daac533db48812d40 200
[debug] [2021-10-16T16:06:39.825Z] <<< [apiv2][body] POST https://upload-firebasehosting.googleapis.com/upload/sites/ema-jhon-simple-recap/versions/a3cd15847716acfb/files/0969be82c7701bf4de58d53af1a6ef4b9f8da2f9f509cc8daac533db48812d40 [stream]
[debug] [2021-10-16T16:06:39.827Z] <<< [apiv2][status] POST https://upload-firebasehosting.googleapis.com/upload/sites/ema-jhon-simple-recap/versions/a3cd15847716acfb/files/be9deb4cb4700e4ecc671ca132fdb4745b439b9ad5e8a343fd1776fb62544f32 200
[debug] [2021-10-16T16:06:39.827Z] <<< [apiv2][body] POST https://upload-firebasehosting.googleapis.com/upload/sites/ema-jhon-simple-recap/versions/a3cd15847716acfb/files/be9deb4cb4700e4ecc671ca132fdb4745b439b9ad5e8a343fd1776fb62544f32 [stream]
[debug] [2021-10-16T16:06:39.928Z] <<< [apiv2][status] POST https://upload-firebasehosting.googleapis.com/upload/sites/ema-jhon-simple-recap/versions/a3cd15847716acfb/files/236cc968bb5c23044cdb862d0d704d561ff29a4979df8da2fe4843ada6627559 200
[debug] [2021-10-16T16:06:39.928Z] <<< [apiv2][body] POST https://upload-firebasehosting.googleapis.com/upload/sites/ema-jhon-simple-recap/versions/a3cd15847716acfb/files/236cc968bb5c23044cdb862d0d704d561ff29a4979df8da2fe4843ada6627559 [stream]
[debug] [2021-10-16T16:06:39.956Z] <<< [apiv2][status] POST https://upload-firebasehosting.googleapis.com/upload/sites/ema-jhon-simple-recap/versions/a3cd15847716acfb/files/f4010a7fe8adb7727bbff7359840f1ff3878adc6e3491ef322e115f5df918f80 200
[debug] [2021-10-16T16:06:39.956Z] <<< [apiv2][body] POST https://upload-firebasehosting.googleapis.com/upload/sites/ema-jhon-simple-recap/versions/a3cd15847716acfb/files/f4010a7fe8adb7727bbff7359840f1ff3878adc6e3491ef322e115f5df918f80 [stream]
[debug] [2021-10-16T16:06:40.021Z] <<< [apiv2][status] POST https://upload-firebasehosting.googleapis.com/upload/sites/ema-jhon-simple-recap/versions/a3cd15847716acfb/files/5c997de1364b8be939319fa9209abd77f2caf7f8844999a9e2e9173f844e7840 200
[debug] [2021-10-16T16:06:40.021Z] <<< [apiv2][body] POST https://upload-firebasehosting.googleapis.com/upload/sites/ema-jhon-simple-recap/versions/a3cd15847716acfb/files/5c997de1364b8be939319fa9209abd77f2caf7f8844999a9e2e9173f844e7840 [stream]
[debug] [2021-10-16T16:06:40.023Z] <<< [apiv2][status] POST https://upload-firebasehosting.googleapis.com/upload/sites/ema-jhon-simple-recap/versions/a3cd15847716acfb/files/b1fa29c3a42a5229a068b02dcc10b2c56f1b24722af06b41e7b9a8e14d7e22bb 200
[debug] [2021-10-16T16:06:40.023Z] <<< [apiv2][body] POST https://upload-firebasehosting.googleapis.com/upload/sites/ema-jhon-simple-recap/versions/a3cd15847716acfb/files/b1fa29c3a42a5229a068b02dcc10b2c56f1b24722af06b41e7b9a8e14d7e22bb [stream]
[debug] [2021-10-16T16:06:40.158Z] <<< [apiv2][status] POST https://upload-firebasehosting.googleapis.com/upload/sites/ema-jhon-simple-recap/versions/a3cd15847716acfb/files/f86ad6de7e897304ee815e2bf780034618ecd9548e37dc7f0639b815b1b3f37e 200
[debug] [2021-10-16T16:06:40.159Z] <<< [apiv2][body] POST https://upload-firebasehosting.googleapis.com/upload/sites/ema-jhon-simple-recap/versions/a3cd15847716acfb/files/f86ad6de7e897304ee815e2bf780034618ecd9548e37dc7f0639b815b1b3f37e [stream]
[debug] [2021-10-16T16:06:40.266Z] <<< [apiv2][status] POST https://upload-firebasehosting.googleapis.com/upload/sites/ema-jhon-simple-recap/versions/a3cd15847716acfb/files/7a819d754daaf5c51781c1a7e2f59e1fa96383fbfca994f75ed7f24fdcae364d 200
[debug] [2021-10-16T16:06:40.266Z] <<< [apiv2][body] POST https://upload-firebasehosting.googleapis.com/upload/sites/ema-jhon-simple-recap/versions/a3cd15847716acfb/files/7a819d754daaf5c51781c1a7e2f59e1fa96383fbfca994f75ed7f24fdcae364d [stream]
[debug] [2021-10-16T16:06:40.294Z] <<< [apiv2][status] POST https://upload-firebasehosting.googleapis.com/upload/sites/ema-jhon-simple-recap/versions/a3cd15847716acfb/files/572a7d9773252fd9c876b642551db3187a78381b55abd05f892e0a6604be30ff 200
[debug] [2021-10-16T16:06:40.295Z] <<< [apiv2][body] POST https://upload-firebasehosting.googleapis.com/upload/sites/ema-jhon-simple-recap/versions/a3cd15847716acfb/files/572a7d9773252fd9c876b642551db3187a78381b55abd05f892e0a6604be30ff [stream]
[debug] [2021-10-16T16:06:40.407Z] <<< [apiv2][status] POST https://upload-firebasehosting.googleapis.com/upload/sites/ema-jhon-simple-recap/versions/a3cd15847716acfb/files/79ae625362c3ce483570cfe9f55d7f17d612760f3fdcd358c784c6afb868e8f5 200
[debug] [2021-10-16T16:06:40.407Z] <<< [apiv2][body] POST https://upload-firebasehosting.googleapis.com/upload/sites/ema-jhon-simple-recap/versions/a3cd15847716acfb/files/79ae625362c3ce483570cfe9f55d7f17d612760f3fdcd358c784c6afb868e8f5 [stream]
[debug] [2021-10-16T16:06:40.428Z] <<< [apiv2][status] POST https://upload-firebasehosting.googleapis.com/upload/sites/ema-jhon-simple-recap/versions/a3cd15847716acfb/files/7624cf22638d0af76be5197d0c5125d2d5dfebe917672f8a4220ce2cefdffff7 200
[debug] [2021-10-16T16:06:40.428Z] <<< [apiv2][body] POST https://upload-firebasehosting.googleapis.com/upload/sites/ema-jhon-simple-recap/versions/a3cd15847716acfb/files/7624cf22638d0af76be5197d0c5125d2d5dfebe917672f8a4220ce2cefdffff7 [stream]
[debug] [2021-10-16T16:06:40.468Z] <<< [apiv2][status] POST https://upload-firebasehosting.googleapis.com/upload/sites/ema-jhon-simple-recap/versions/a3cd15847716acfb/files/ad9570b21b26001e5954948ea7672fb32b990504c96c3dd8bcf82c48832b1927 200
[debug] [2021-10-16T16:06:40.468Z] <<< [apiv2][body] POST https://upload-firebasehosting.googleapis.com/upload/sites/ema-jhon-simple-recap/versions/a3cd15847716acfb/files/ad9570b21b26001e5954948ea7672fb32b990504c96c3dd8bcf82c48832b1927 [stream]
[debug] [2021-10-16T16:06:40.478Z] <<< [apiv2][status] POST https://upload-firebasehosting.googleapis.com/upload/sites/ema-jhon-simple-recap/versions/a3cd15847716acfb/files/7c60c2bdc519a0adbb78ab5734b10eae17040e77ca37f646c8466126ba38fffa 200
[debug] [2021-10-16T16:06:40.479Z] <<< [apiv2][body] POST https://upload-firebasehosting.googleapis.com/upload/sites/ema-jhon-simple-recap/versions/a3cd15847716acfb/files/7c60c2bdc519a0adbb78ab5734b10eae17040e77ca37f646c8466126ba38fffa [stream]
[debug] [2021-10-16T16:06:40.544Z] <<< [apiv2][status] POST https://upload-firebasehosting.googleapis.com/upload/sites/ema-jhon-simple-recap/versions/a3cd15847716acfb/files/b2090cf9761ef60aa06e4fab97679bd43dfa5e5df073701ead5879d7c68f1ec5 200
[debug] [2021-10-16T16:06:40.544Z] <<< [apiv2][body] POST https://upload-firebasehosting.googleapis.com/upload/sites/ema-jhon-simple-recap/versions/a3cd15847716acfb/files/b2090cf9761ef60aa06e4fab97679bd43dfa5e5df073701ead5879d7c68f1ec5 [stream]
[debug] [2021-10-16T16:06:40.566Z] <<< [apiv2][status] POST https://upload-firebasehosting.googleapis.com/upload/sites/ema-jhon-simple-recap/versions/a3cd15847716acfb/files/84bb80c7ad5aac5f696f09b797455057759cbbd91b44e20b7a658944eabce45b 200
[debug] [2021-10-16T16:06:40.566Z] <<< [apiv2][body] POST https://upload-firebasehosting.googleapis.com/upload/sites/ema-jhon-simple-recap/versions/a3cd15847716acfb/files/84bb80c7ad5aac5f696f09b797455057759cbbd91b44e20b7a658944eabce45b [stream]
[debug] [2021-10-16T16:06:40.876Z] <<< [apiv2][status] POST https://upload-firebasehosting.googleapis.com/upload/sites/ema-jhon-simple-recap/versions/a3cd15847716acfb/files/b6c4254b8db87e005db57337f77363ee213c3ef2e5242436e08ab2d3f4cbe9a2 200
[debug] [2021-10-16T16:06:40.876Z] <<< [apiv2][body] POST https://upload-firebasehosting.googleapis.com/upload/sites/ema-jhon-simple-recap/versions/a3cd15847716acfb/files/b6c4254b8db87e005db57337f77363ee213c3ef2e5242436e08ab2d3f4cbe9a2 [stream]
[debug] [2021-10-16T16:06:41.250Z] <<< [apiv2][status] POST https://upload-firebasehosting.googleapis.com/upload/sites/ema-jhon-simple-recap/versions/a3cd15847716acfb/files/dba57067d404017e5a7ef5944f6ac345e138965a490e20ffbe2a0e9b85b5cc37 200
[debug] [2021-10-16T16:06:41.250Z] <<< [apiv2][body] POST https://upload-firebasehosting.googleapis.com/upload/sites/ema-jhon-simple-recap/versions/a3cd15847716acfb/files/dba57067d404017e5a7ef5944f6ac345e138965a490e20ffbe2a0e9b85b5cc37 [stream]
[debug] [2021-10-16T16:06:43.237Z] <<< [apiv2][status] POST https://upload-firebasehosting.googleapis.com/upload/sites/ema-jhon-simple-recap/versions/a3cd15847716acfb/files/0a6204dae98c8dccbf0776a84f2a5c63e93767bef09126dabc3587ca11089855 200
[debug] [2021-10-16T16:06:43.238Z] <<< [apiv2][body] POST https://upload-firebasehosting.googleapis.com/upload/sites/ema-jhon-simple-recap/versions/a3cd15847716acfb/files/0a6204dae98c8dccbf0776a84f2a5c63e93767bef09126dabc3587ca11089855 [stream]
[debug] [2021-10-16T16:06:43.513Z] <<< [apiv2][status] POST https://upload-firebasehosting.googleapis.com/upload/sites/ema-jhon-simple-recap/versions/a3cd15847716acfb/files/95d1c42718616b96867ef9fe5defea149b9ef347bf0beb69a583977b01e5bd85 200
[debug] [2021-10-16T16:06:43.513Z] <<< [apiv2][body] POST https://upload-firebasehosting.googleapis.com/upload/sites/ema-jhon-simple-recap/versions/a3cd15847716acfb/files/95d1c42718616b96867ef9fe5defea149b9ef347bf0beb69a583977b01e5bd85 [stream]
[debug] [2021-10-16T16:06:43.514Z] [hosting][upload queue][FINAL] {"max":5721,"min":1964,"avg":2732.454545454546,"active":0,"complete":22,"success":22,"errored":0,"retried":0,"total":22,"elapsed":5735}
[info] +  hosting[ema-jhon-simple-recap]: file upload complete 
[debug] [2021-10-16T16:06:43.515Z] [hosting] deploy completed after 8658ms
[debug] [2021-10-16T16:06:43.517Z] [
  {
    "config": {
      "public": "build",
      "ignore": [
        "firebase.json",
        "**/.*",
        "**/node_modules/**"
      ],
      "site": "ema-jhon-simple-recap"
    },
    "site": "ema-jhon-simple-recap",
    "version": "sites/ema-jhon-simple-recap/versions/a3cd15847716acfb"
  }
]
[info] i  hosting[ema-jhon-simple-recap]: finalizing version... 
[debug] [2021-10-16T16:06:43.518Z] > refreshing access token with scopes: ["email","https://www.googleapis.com/auth/cloud-platform","https://www.googleapis.com/auth/cloudplatformprojects.readonly","https://www.googleapis.com/auth/firebase","openid"]
[debug] [2021-10-16T16:06:43.519Z] >>> HTTP REQUEST POST https://www.googleapis.com/oauth2/v3/token  
 <request body omitted>
[debug] [2021-10-16T16:06:43.787Z] <<< HTTP RESPONSE 200 {"cache-control":"no-cache, no-store, max-age=0, must-revalidate","pragma":"no-cache","expires":"Mon, 01 Jan 1990 00:00:00 GMT","date":"Sat, 16 Oct 2021 16:06:43 GMT","content-type":"application/json; charset=utf-8","vary":"X-Origin, Referer, Origin,Accept-Encoding","server":"scaffolding on HTTPServer2","x-xss-protection":"0","x-frame-options":"SAMEORIGIN","x-content-type-options":"nosniff","alt-svc":"h3=\":443\"; ma=2592000,h3-29=\":443\"; ma=2592000,h3-T051=\":443\"; ma=2592000,h3-Q050=\":443\"; ma=2592000,h3-Q046=\":443\"; ma=2592000,h3-Q043=\":443\"; ma=2592000,quic=\":443\"; ma=2592000; v=\"46,43\"","accept-ranges":"none","transfer-encoding":"chunked"}
[debug] [2021-10-16T16:06:43.887Z] >>> HTTP REQUEST PATCH https://firebasehosting.googleapis.com/v1beta1/sites/ema-jhon-simple-recap/versions/a3cd15847716acfb?updateMask=status  
 {"status":"FINALIZED"}
[debug] [2021-10-16T16:06:45.427Z] <<< HTTP RESPONSE 200 {"content-type":"application/json; charset=UTF-8","vary":"X-Origin, Referer, Origin,Accept-Encoding","date":"Sat, 16 Oct 2021 16:06:45 GMT","server":"ESF","cache-control":"private","x-xss-protection":"0","x-frame-options":"SAMEORIGIN","x-content-type-options":"nosniff","alt-svc":"h3=\":443\"; ma=2592000,h3-29=\":443\"; ma=2592000,h3-T051=\":443\"; ma=2592000,h3-Q050=\":443\"; ma=2592000,h3-Q046=\":443\"; ma=2592000,h3-Q043=\":443\"; ma=2592000,quic=\":443\"; ma=2592000; v=\"46,43\"","accept-ranges":"none","transfer-encoding":"chunked"}
[debug] [2021-10-16T16:06:45.427Z] [hosting] finalized version for ema-jhon-simple-recap: {"name":"sites/ema-jhon-simple-recap/versions/a3cd15847716acfb","status":"FINALIZED","config":{},"labels":{"deployment-tool":"cli-firebase"},"createTime":"2021-10-16T16:06:33.554849Z","createUser":{"email":"rakibuddinctg92@gmail.com"},"finalizeTime":"2021-10-16T16:06:45.329718Z","finalizeUser":{"email":"rakibuddinctg92@gmail.com"}}
[info] +  hosting[ema-jhon-simple-recap]: version finalized 
[info] i  hosting[ema-jhon-simple-recap]: releasing new version... 
[debug] [2021-10-16T16:06:45.428Z] >>> HTTP REQUEST POST https://firebasehosting.googleapis.com/v1beta1/sites/ema-jhon-simple-recap/releases?version_name=sites/ema-jhon-simple-recap/versions/a3cd15847716acfb  
 {"message":null}
[debug] [2021-10-16T16:06:46.968Z] <<< HTTP RESPONSE 200 {"content-type":"application/json; charset=UTF-8","vary":"X-Origin, Referer, Origin,Accept-Encoding","date":"Sat, 16 Oct 2021 16:06:46 GMT","server":"ESF","cache-control":"private","x-xss-protection":"0","x-frame-options":"SAMEORIGIN","x-content-type-options":"nosniff","alt-svc":"h3=\":443\"; ma=2592000,h3-29=\":443\"; ma=2592000,h3-T051=\":443\"; ma=2592000,h3-Q050=\":443\"; ma=2592000,h3-Q046=\":443\"; ma=2592000,h3-Q043=\":443\"; ma=2592000,quic=\":443\"; ma=2592000; v=\"46,43\"","accept-ranges":"none","transfer-encoding":"chunked"}
[debug] [2021-10-16T16:06:46.968Z] [hosting] release: {"name":"sites/ema-jhon-simple-recap/releases/1634400406294203","version":{"name":"sites/ema-jhon-simple-recap/versions/a3cd15847716acfb","status":"FINALIZED","config":{},"labels":{"deployment-tool":"cli-firebase"},"createTime":"2021-10-16T16:06:33.554849Z","createUser":{"email":"rakibuddinctg92@gmail.com"},"finalizeTime":"2021-10-16T16:06:45.329718Z","finalizeUser":{"email":"rakibuddinctg92@gmail.com"}},"type":"DEPLOY","releaseTime":"2021-10-16T16:06:46.294203307Z","releaseUser":{"email":"rakibuddinctg92@gmail.com"}}
[info] +  hosting[ema-jhon-simple-recap]: release complete 
[info] 
[info] +  Deploy complete! 
[info] 
[info] Project Console: https://console.firebase.google.com/project/ema-jhon-simple-recap/overview
[info] Hosting URL: https://ema-jhon-simple-recap.web.app
